<?xml version="1.0" encoding="UTF-8"?>
<!-- Generated by org.testng.reporters.JUnitXMLReporter -->
<testsuite ignored="0" hostname="LAPTOP-UV4E4JKC" failures="0" tests="8" name="Ajker Patrika Home Page Test" time="18.479" errors="0" timestamp="07 Sep 2024 15:19:55 GMT">
  <testcase classname="com.qa.ajkerpatrika.tests.HomePageTest" name="getHomePageTitleTest" time="0.009"/>
  <testcase classname="com.qa.ajkerpatrika.tests.HomePageTest" name="mainMenuListTest" time="0.32"/>
  <testcase classname="com.qa.ajkerpatrika.tests.HomePageTest" name="isMoreMenuBtnExistTest" time="0.035"/>
  <testcase classname="com.qa.ajkerpatrika.tests.HomePageTest" name="mostRedListTest" time="0.153"/>
  <testcase classname="com.qa.ajkerpatrika.tests.HomePageTest" name="divListTest" time="1.136"/>
  <testcase classname="com.qa.ajkerpatrika.tests.HomePageTest" name="numOfTitleBarsTest" time="5.173"/>
  <testcase classname="com.qa.ajkerpatrika.tests.HomePageTest" name="moreMenuListSizeTest" time="0.824"/>
  <testcase classname="com.qa.ajkerpatrika.tests.HomePageTest" name="getFactCheckPageLinkTest" time="2.995"/>
</testsuite> <!-- Ajker Patrika Home Page Test -->
