<?xml version="1.0" encoding="UTF-8"?>
<!-- Generated by org.testng.reporters.JUnitXMLReporter -->
<testsuite ignored="0" hostname="LAPTOP-UV4E4JKC" failures="0" tests="8" name="Ajker Patrika Home Page Test" time="18.062" errors="0" timestamp="07 Sep 2024 15:52:11 GMT">
  <testcase classname="com.qa.ajkerpatrika.tests.HomePageTest" name="getHomePageTitleTest" time="0.102"/>
  <testcase classname="com.qa.ajkerpatrika.tests.HomePageTest" name="mainMenuListTest" time="0.16"/>
  <testcase classname="com.qa.ajkerpatrika.tests.HomePageTest" name="isMoreMenuBtnExistTest" time="0.13"/>
  <testcase classname="com.qa.ajkerpatrika.tests.HomePageTest" name="mostRedListTest" time="0.159"/>
  <testcase classname="com.qa.ajkerpatrika.tests.HomePageTest" name="divListTest" time="1.091"/>
  <testcase classname="com.qa.ajkerpatrika.tests.HomePageTest" name="numOfTitleBarsTest" time="5.172"/>
  <testcase classname="com.qa.ajkerpatrika.tests.HomePageTest" name="moreMenuListSizeTest" time="0.775"/>
  <testcase classname="com.qa.ajkerpatrika.tests.HomePageTest" name="getFactCheckPageLinkTest" time="3.626"/>
</testsuite> <!-- Ajker Patrika Home Page Test -->
