<?xml version="1.0" encoding="UTF-8"?>
<!-- Generated by org.testng.reporters.JUnitXMLReporter -->
<testsuite ignored="0" hostname="LAPTOP-UV4E4JKC" failures="0" tests="3" name="Ajker Patrika World Page Test" time="10.526" errors="0" timestamp="07 Sep 2024 15:52:33 GMT">
  <testcase classname="com.qa.ajkerpatrika.tests.WorldPageTest" name="worldPageTitleTest" time="0.008"/>
  <testcase classname="com.qa.ajkerpatrika.tests.WorldPageTest" name="worldListTest" time="0.248"/>
  <testcase classname="com.qa.ajkerpatrika.tests.WorldPageTest" name="getUsAndCanadaPageLinkTest" time="1.398"/>
</testsuite> <!-- Ajker Patrika World Page Test -->
