<?xml version="1.0" encoding="UTF-8"?>
<!-- Generated by org.testng.reporters.JUnitXMLReporter -->
<testsuite ignored="0" hostname="LAPTOP-UV4E4JKC" failures="0" tests="3" name="Ajker Patrika World Page Test" time="12.764" errors="0" timestamp="07 Sep 2024 15:20:22 GMT">
  <testcase classname="com.qa.ajkerpatrika.tests.WorldPageTest" name="worldPageTitleTest" time="0.007"/>
  <testcase classname="com.qa.ajkerpatrika.tests.WorldPageTest" name="worldListTest" time="0.247"/>
  <testcase classname="com.qa.ajkerpatrika.tests.WorldPageTest" name="getUsAndCanadaPageLinkTest" time="1.521"/>
</testsuite> <!-- Ajker Patrika World Page Test -->
