<?xml version="1.0" encoding="UTF-8"?>
<!-- Generated by org.testng.reporters.JUnitXMLReporter -->
<testsuite ignored="0" hostname="LAPTOP-UV4E4JKC" failures="0" tests="3" name="Ajker Patrika Search Page Test" time="12.26" errors="0" timestamp="07 Sep 2024 15:52:23 GMT">
  <testcase classname="com.qa.ajkerpatrika.tests.SearchPageTest" name="isSearchPageHeaderTest" time="0.051"/>
  <testcase classname="com.qa.ajkerpatrika.tests.SearchPageTest" name="webListSizeTest" time="0.101"/>
  <testcase classname="com.qa.ajkerpatrika.tests.SearchPageTest" name="secTabTest" time="0.014"/>
</testsuite> <!-- Ajker Patrika Search Page Test -->
