<?xml version="1.0" encoding="UTF-8"?>
<!-- Generated by org.testng.reporters.JUnitXMLReporter -->
<testsuite ignored="2" hostname="LAPTOP-UV4E4JKC" failures="1" tests="2" name="Ajker Patrika Test" time="10.94" errors="0" timestamp="06 Sep 2024 15:24:18 GMT">
  <testcase classname="com.qa.ajkerpatrika.tests.LoginPageTest" name="loginPageTitleTest" time="0.127"/>
  <testcase classname="com.qa.ajkerpatrika.tests.HomePageTest" name="getHomePageTitleTest" time="0.005">
    <failure type="java.lang.NullPointerException" message="Cannot invoke &amp;quot;com.qa.ajkerpatrika.pages.HomePage.getHomePageTitle()&amp;quot; because &amp;quot;this.homepage&amp;quot; is null">
      <![CDATA[java.lang.NullPointerException: Cannot invoke "com.qa.ajkerpatrika.pages.HomePage.getHomePageTitle()" because "this.homepage" is null
at com.qa.ajkerpatrika.tests.HomePageTest.getHomePageTitleTest(HomePageTest.java:11)
... Removed 25 stack frames]]>
    </failure>
  </testcase> <!-- getHomePageTitleTest -->
  <testcase classname="com.qa.ajkerpatrika.tests.BaseTest" name="@AfterTest tearDown" time="0.0">
    <ignored/>
  </testcase> <!-- @AfterTest tearDown -->
  <testcase classname="com.qa.ajkerpatrika.tests.BaseTest" name="@BeforeTest setup" time="0.0">
    <ignored/>
  </testcase> <!-- @BeforeTest setup -->
</testsuite> <!-- Ajker Patrika Test -->
