<?xml version="1.0" encoding="UTF-8"?>
<!-- Generated by org.testng.reporters.JUnitXMLReporter -->
<testsuite ignored="0" hostname="LAPTOP-UV4E4JKC" failures="0" tests="3" name="Ajker Patrika Country Page Test" time="10.633" errors="0" timestamp="07 Sep 2024 15:52:44 GMT">
  <testcase classname="com.qa.ajkerpatrika.tests.CountryPageTest" name="countryPageTitleTest" time="0.013"/>
  <testcase classname="com.qa.ajkerpatrika.tests.CountryPageTest" name="CountryListTest" time="0.468"/>
  <testcase classname="com.qa.ajkerpatrika.tests.CountryPageTest" name="getUsAndCanadaPageLinkTest" time="1.592"/>
</testsuite> <!-- Ajker Patrika Country Page Test -->
