<?xml version="1.0" encoding="UTF-8"?>
<!-- Generated by org.testng.reporters.JUnitXMLReporter -->
<testsuite ignored="0" hostname="LAPTOP-UV4E4JKC" failures="0" tests="4" name="Ajker Patrika Login Test" time="31.035" errors="0" timestamp="07 Sep 2024 15:19:37 GMT">
  <testcase classname="com.qa.ajkerpatrika.tests.LoginPageTest" name="loginPageTitleTest" time="0.223"/>
  <testcase classname="com.qa.ajkerpatrika.tests.LoginPageTest" name="loginPageForgotpsswdLinkTest" time="1.301"/>
  <testcase classname="com.qa.ajkerpatrika.tests.LoginPageTest" name="loginPageRegisterLinkTest" time="0.079"/>
  <testcase classname="com.qa.ajkerpatrika.tests.LoginPageTest" name="loginTest" time="14.498"/>
</testsuite> <!-- Ajker Patrika Login Test -->
