<?xml version="1.0" encoding="UTF-8"?>
<!-- Generated by org.testng.reporters.JUnitXMLReporter -->
<testsuite ignored="0" hostname="LAPTOP-UV4E4JKC" failures="0" tests="4" name="Ajker Patrika Login and home Page Test" time="26.561" errors="0" timestamp="06 Sep 2024 15:18:09 GMT">
  <testcase classname="com.qa.ajkerpatrika.tests.LoginPageTest" name="loginPageTitleTest" time="0.123"/>
  <testcase classname="com.qa.ajkerpatrika.tests.LoginPageTest" name="loginPageForgotpsswdLinkTest" time="0.754"/>
  <testcase classname="com.qa.ajkerpatrika.tests.LoginPageTest" name="loginPageRegisterLinkTest" time="0.073"/>
  <testcase classname="com.qa.ajkerpatrika.tests.LoginPageTest" name="loginTest" time="13.213"/>
</testsuite> <!-- Ajker Patrika Login and home Page Test -->
