<?xml version="1.0" encoding="UTF-8"?>
<!-- Generated by org.testng.reporters.JUnitXMLReporter -->
<testsuite ignored="0" hostname="LAPTOP-UV4E4JKC" failures="0" tests="3" name="Default test" time="17.54" errors="0" timestamp="07 Sep 2024 15:17:30 GMT">
  <testcase classname="com.qa.ajkerpatrika.tests.CountryPageTest" name="countryPageTitleTest" time="0.119"/>
  <testcase classname="com.qa.ajkerpatrika.tests.CountryPageTest" name="CountryListTest" time="0.123"/>
  <testcase classname="com.qa.ajkerpatrika.tests.CountryPageTest" name="getUsAndCanadaPageLinkTest" time="1.577"/>
</testsuite> <!-- Default test -->
