<?xml version="1.0" encoding="UTF-8"?>
<testng-results ignored="0" total="21" passed="21" failed="0" skipped="0">
  <reporter-output>
  </reporter-output>
  <suite started-at="2024-09-07T15:51:23Z" name="Ajker Patrika Test Suite" finished-at="2024-09-07T15:52:44Z" duration-ms="81197">
    <groups>
    </groups>
    <test started-at="2024-09-07T15:51:23Z" name="Ajker Patrika Login Test" finished-at="2024-09-07T15:51:53Z" duration-ms="29673">
      <class name="com.qa.ajkerpatrika.tests.LoginPageTest">
        <test-method is-config="true" signature="setup()[pri:0, instance:com.qa.ajkerpatrika.tests.LoginPageTest@604b1e1d]" started-at="2024-09-07T15:51:23Z" name="setup" finished-at="2024-09-07T15:51:33Z" duration-ms="10217" status="PASS">
          <reporter-output>
          </reporter-output>
        </test-method> <!-- setup -->
        <test-method is-config="true" signature="loginPageSetup()[pri:0, instance:com.qa.ajkerpatrika.tests.LoginPageTest@604b1e1d]" started-at="2024-09-07T15:51:33Z" name="loginPageSetup" finished-at="2024-09-07T15:51:36Z" depends-on-methods="com.qa.ajkerpatrika.tests.BaseTest.setup" duration-ms="2693" status="PASS">
          <reporter-output>
          </reporter-output>
        </test-method> <!-- loginPageSetup -->
        <test-method signature="loginPageTitleTest()[pri:1, instance:com.qa.ajkerpatrika.tests.LoginPageTest@604b1e1d]" started-at="2024-09-07T15:51:36Z" name="loginPageTitleTest" finished-at="2024-09-07T15:51:36Z" duration-ms="89" status="PASS">
          <reporter-output>
          </reporter-output>
        </test-method> <!-- loginPageTitleTest -->
        <test-method signature="loginPageForgotpsswdLinkTest()[pri:2, instance:com.qa.ajkerpatrika.tests.LoginPageTest@604b1e1d]" started-at="2024-09-07T15:51:36Z" name="loginPageForgotpsswdLinkTest" finished-at="2024-09-07T15:51:37Z" duration-ms="1230" status="PASS">
          <reporter-output>
          </reporter-output>
        </test-method> <!-- loginPageForgotpsswdLinkTest -->
        <test-method signature="loginPageRegisterLinkTest()[pri:3, instance:com.qa.ajkerpatrika.tests.LoginPageTest@604b1e1d]" started-at="2024-09-07T15:51:37Z" name="loginPageRegisterLinkTest" finished-at="2024-09-07T15:51:37Z" duration-ms="54" status="PASS">
          <reporter-output>
          </reporter-output>
        </test-method> <!-- loginPageRegisterLinkTest -->
        <test-method signature="loginTest()[pri:4, instance:com.qa.ajkerpatrika.tests.LoginPageTest@604b1e1d]" started-at="2024-09-07T15:51:37Z" name="loginTest" finished-at="2024-09-07T15:51:51Z" duration-ms="14043" status="PASS">
          <reporter-output>
          </reporter-output>
        </test-method> <!-- loginTest -->
        <test-method is-config="true" signature="tearDown()[pri:0, instance:com.qa.ajkerpatrika.tests.LoginPageTest@604b1e1d]" started-at="2024-09-07T15:51:51Z" name="tearDown" finished-at="2024-09-07T15:51:53Z" duration-ms="1143" status="PASS">
          <reporter-output>
          </reporter-output>
        </test-method> <!-- tearDown -->
      </class> <!-- com.qa.ajkerpatrika.tests.LoginPageTest -->
    </test> <!-- Ajker Patrika Login Test -->
    <test started-at="2024-09-07T15:51:53Z" name="Ajker Patrika Home Page Test" finished-at="2024-09-07T15:52:11Z" duration-ms="18062">
      <class name="com.qa.ajkerpatrika.tests.HomePageTest">
        <test-method is-config="true" signature="setup()[pri:0, instance:com.qa.ajkerpatrika.tests.HomePageTest@38c2c309]" started-at="2024-09-07T15:51:53Z" name="setup" finished-at="2024-09-07T15:51:58Z" duration-ms="5164" status="PASS">
          <reporter-output>
          </reporter-output>
        </test-method> <!-- setup -->
        <test-method is-config="true" signature="homePageSetup()[pri:0, instance:com.qa.ajkerpatrika.tests.HomePageTest@38c2c309]" started-at="2024-09-07T15:51:58Z" name="homePageSetup" finished-at="2024-09-07T15:51:58Z" depends-on-methods="com.qa.ajkerpatrika.tests.BaseTest.setup" duration-ms="681" status="PASS">
          <reporter-output>
          </reporter-output>
        </test-method> <!-- homePageSetup -->
        <test-method signature="getHomePageTitleTest()[pri:1, instance:com.qa.ajkerpatrika.tests.HomePageTest@38c2c309]" started-at="2024-09-07T15:51:58Z" name="getHomePageTitleTest" finished-at="2024-09-07T15:51:59Z" duration-ms="102" status="PASS">
          <reporter-output>
          </reporter-output>
        </test-method> <!-- getHomePageTitleTest -->
        <test-method signature="mainMenuListTest()[pri:2, instance:com.qa.ajkerpatrika.tests.HomePageTest@38c2c309]" started-at="2024-09-07T15:51:59Z" name="mainMenuListTest" finished-at="2024-09-07T15:51:59Z" duration-ms="160" status="PASS">
          <reporter-output>
          </reporter-output>
        </test-method> <!-- mainMenuListTest -->
        <test-method signature="isMoreMenuBtnExistTest()[pri:3, instance:com.qa.ajkerpatrika.tests.HomePageTest@38c2c309]" started-at="2024-09-07T15:51:59Z" name="isMoreMenuBtnExistTest" finished-at="2024-09-07T15:51:59Z" duration-ms="130" status="PASS">
          <reporter-output>
          </reporter-output>
        </test-method> <!-- isMoreMenuBtnExistTest -->
        <test-method signature="mostRedListTest()[pri:4, instance:com.qa.ajkerpatrika.tests.HomePageTest@38c2c309]" started-at="2024-09-07T15:51:59Z" name="mostRedListTest" finished-at="2024-09-07T15:51:59Z" duration-ms="159" status="PASS">
          <reporter-output>
          </reporter-output>
        </test-method> <!-- mostRedListTest -->
        <test-method signature="divListTest()[pri:5, instance:com.qa.ajkerpatrika.tests.HomePageTest@38c2c309]" started-at="2024-09-07T15:51:59Z" name="divListTest" finished-at="2024-09-07T15:52:00Z" duration-ms="1091" status="PASS">
          <reporter-output>
          </reporter-output>
        </test-method> <!-- divListTest -->
        <test-method signature="numOfTitleBarsTest()[pri:7, instance:com.qa.ajkerpatrika.tests.HomePageTest@38c2c309]" started-at="2024-09-07T15:52:00Z" name="numOfTitleBarsTest" finished-at="2024-09-07T15:52:05Z" duration-ms="5172" status="PASS">
          <reporter-output>
          </reporter-output>
        </test-method> <!-- numOfTitleBarsTest -->
        <test-method signature="moreMenuListSizeTest()[pri:8, instance:com.qa.ajkerpatrika.tests.HomePageTest@38c2c309]" started-at="2024-09-07T15:52:05Z" name="moreMenuListSizeTest" finished-at="2024-09-07T15:52:06Z" duration-ms="775" status="PASS">
          <reporter-output>
          </reporter-output>
        </test-method> <!-- moreMenuListSizeTest -->
        <test-method signature="getFactCheckPageLinkTest()[pri:9, instance:com.qa.ajkerpatrika.tests.HomePageTest@38c2c309]" started-at="2024-09-07T15:52:06Z" name="getFactCheckPageLinkTest" finished-at="2024-09-07T15:52:10Z" duration-ms="3626" status="PASS">
          <reporter-output>
          </reporter-output>
        </test-method> <!-- getFactCheckPageLinkTest -->
        <test-method is-config="true" signature="tearDown()[pri:0, instance:com.qa.ajkerpatrika.tests.HomePageTest@38c2c309]" started-at="2024-09-07T15:52:10Z" name="tearDown" finished-at="2024-09-07T15:52:11Z" duration-ms="980" status="PASS">
          <reporter-output>
          </reporter-output>
        </test-method> <!-- tearDown -->
      </class> <!-- com.qa.ajkerpatrika.tests.HomePageTest -->
    </test> <!-- Ajker Patrika Home Page Test -->
    <test started-at="2024-09-07T15:52:11Z" name="Ajker Patrika Search Page Test" finished-at="2024-09-07T15:52:23Z" duration-ms="12260">
      <class name="com.qa.ajkerpatrika.tests.SearchPageTest">
        <test-method is-config="true" signature="setup()[pri:0, instance:com.qa.ajkerpatrika.tests.SearchPageTest@4beeb0e]" started-at="2024-09-07T15:52:11Z" name="setup" finished-at="2024-09-07T15:52:16Z" duration-ms="5058" status="PASS">
          <reporter-output>
          </reporter-output>
        </test-method> <!-- setup -->
        <test-method is-config="true" signature="searchPageSetup()[pri:0, instance:com.qa.ajkerpatrika.tests.SearchPageTest@4beeb0e]" started-at="2024-09-07T15:52:16Z" name="searchPageSetup" finished-at="2024-09-07T15:52:22Z" depends-on-methods="com.qa.ajkerpatrika.tests.BaseTest.setup" duration-ms="6045" status="PASS">
          <reporter-output>
          </reporter-output>
        </test-method> <!-- searchPageSetup -->
        <test-method signature="isSearchPageHeaderTest()[pri:1, instance:com.qa.ajkerpatrika.tests.SearchPageTest@4beeb0e]" started-at="2024-09-07T15:52:22Z" name="isSearchPageHeaderTest" finished-at="2024-09-07T15:52:22Z" duration-ms="51" status="PASS">
          <reporter-output>
          </reporter-output>
        </test-method> <!-- isSearchPageHeaderTest -->
        <test-method signature="webListSizeTest()[pri:2, instance:com.qa.ajkerpatrika.tests.SearchPageTest@4beeb0e]" started-at="2024-09-07T15:52:22Z" name="webListSizeTest" finished-at="2024-09-07T15:52:22Z" duration-ms="101" status="PASS">
          <reporter-output>
          </reporter-output>
        </test-method> <!-- webListSizeTest -->
        <test-method signature="secTabTest()[pri:3, instance:com.qa.ajkerpatrika.tests.SearchPageTest@4beeb0e]" started-at="2024-09-07T15:52:22Z" name="secTabTest" finished-at="2024-09-07T15:52:22Z" duration-ms="14" status="PASS">
          <reporter-output>
          </reporter-output>
        </test-method> <!-- secTabTest -->
        <test-method is-config="true" signature="tearDown()[pri:0, instance:com.qa.ajkerpatrika.tests.SearchPageTest@4beeb0e]" started-at="2024-09-07T15:52:22Z" name="tearDown" finished-at="2024-09-07T15:52:23Z" duration-ms="985" status="PASS">
          <reporter-output>
          </reporter-output>
        </test-method> <!-- tearDown -->
      </class> <!-- com.qa.ajkerpatrika.tests.SearchPageTest -->
    </test> <!-- Ajker Patrika Search Page Test -->
    <test started-at="2024-09-07T15:52:23Z" name="Ajker Patrika World Page Test" finished-at="2024-09-07T15:52:33Z" duration-ms="10526">
      <class name="com.qa.ajkerpatrika.tests.WorldPageTest">
        <test-method is-config="true" signature="setup()[pri:0, instance:com.qa.ajkerpatrika.tests.WorldPageTest@7c84195]" started-at="2024-09-07T15:52:23Z" name="setup" finished-at="2024-09-07T15:52:28Z" duration-ms="5226" status="PASS">
          <reporter-output>
          </reporter-output>
        </test-method> <!-- setup -->
        <test-method is-config="true" signature="WorldPageSetup()[pri:0, instance:com.qa.ajkerpatrika.tests.WorldPageTest@7c84195]" started-at="2024-09-07T15:52:28Z" name="WorldPageSetup" finished-at="2024-09-07T15:52:31Z" depends-on-methods="com.qa.ajkerpatrika.tests.BaseTest.setup" duration-ms="2718" status="PASS">
          <reporter-output>
          </reporter-output>
        </test-method> <!-- WorldPageSetup -->
        <test-method signature="worldPageTitleTest()[pri:1, instance:com.qa.ajkerpatrika.tests.WorldPageTest@7c84195]" started-at="2024-09-07T15:52:31Z" name="worldPageTitleTest" finished-at="2024-09-07T15:52:31Z" duration-ms="8" status="PASS">
          <reporter-output>
          </reporter-output>
        </test-method> <!-- worldPageTitleTest -->
        <test-method signature="worldListTest()[pri:2, instance:com.qa.ajkerpatrika.tests.WorldPageTest@7c84195]" started-at="2024-09-07T15:52:31Z" name="worldListTest" finished-at="2024-09-07T15:52:31Z" duration-ms="248" status="PASS">
          <reporter-output>
          </reporter-output>
        </test-method> <!-- worldListTest -->
        <test-method signature="getUsAndCanadaPageLinkTest()[pri:3, instance:com.qa.ajkerpatrika.tests.WorldPageTest@7c84195]" started-at="2024-09-07T15:52:31Z" name="getUsAndCanadaPageLinkTest" finished-at="2024-09-07T15:52:33Z" duration-ms="1398" status="PASS">
          <reporter-output>
          </reporter-output>
        </test-method> <!-- getUsAndCanadaPageLinkTest -->
        <test-method is-config="true" signature="tearDown()[pri:0, instance:com.qa.ajkerpatrika.tests.WorldPageTest@7c84195]" started-at="2024-09-07T15:52:33Z" name="tearDown" finished-at="2024-09-07T15:52:33Z" duration-ms="919" status="PASS">
          <reporter-output>
          </reporter-output>
        </test-method> <!-- tearDown -->
      </class> <!-- com.qa.ajkerpatrika.tests.WorldPageTest -->
    </test> <!-- Ajker Patrika World Page Test -->
    <test started-at="2024-09-07T15:52:33Z" name="Ajker Patrika Country Page Test" finished-at="2024-09-07T15:52:44Z" duration-ms="10633">
      <class name="com.qa.ajkerpatrika.tests.CountryPageTest">
        <test-method is-config="true" signature="setup()[pri:0, instance:com.qa.ajkerpatrika.tests.CountryPageTest@37864b77]" started-at="2024-09-07T15:52:33Z" name="setup" finished-at="2024-09-07T15:52:39Z" duration-ms="5298" status="PASS">
          <reporter-output>
          </reporter-output>
        </test-method> <!-- setup -->
        <test-method is-config="true" signature="countryPageSetup()[pri:0, instance:com.qa.ajkerpatrika.tests.CountryPageTest@37864b77]" started-at="2024-09-07T15:52:39Z" name="countryPageSetup" finished-at="2024-09-07T15:52:41Z" depends-on-methods="com.qa.ajkerpatrika.tests.BaseTest.setup" duration-ms="2114" status="PASS">
          <reporter-output>
          </reporter-output>
        </test-method> <!-- countryPageSetup -->
        <test-method signature="countryPageTitleTest()[pri:1, instance:com.qa.ajkerpatrika.tests.CountryPageTest@37864b77]" started-at="2024-09-07T15:52:41Z" name="countryPageTitleTest" finished-at="2024-09-07T15:52:41Z" duration-ms="13" status="PASS">
          <reporter-output>
          </reporter-output>
        </test-method> <!-- countryPageTitleTest -->
        <test-method signature="CountryListTest()[pri:2, instance:com.qa.ajkerpatrika.tests.CountryPageTest@37864b77]" started-at="2024-09-07T15:52:41Z" name="CountryListTest" finished-at="2024-09-07T15:52:41Z" duration-ms="468" status="PASS">
          <reporter-output>
          </reporter-output>
        </test-method> <!-- CountryListTest -->
        <test-method signature="getUsAndCanadaPageLinkTest()[pri:3, instance:com.qa.ajkerpatrika.tests.CountryPageTest@37864b77]" started-at="2024-09-07T15:52:41Z" name="getUsAndCanadaPageLinkTest" finished-at="2024-09-07T15:52:43Z" duration-ms="1592" status="PASS">
          <reporter-output>
          </reporter-output>
        </test-method> <!-- getUsAndCanadaPageLinkTest -->
        <test-method is-config="true" signature="tearDown()[pri:0, instance:com.qa.ajkerpatrika.tests.CountryPageTest@37864b77]" started-at="2024-09-07T15:52:43Z" name="tearDown" finished-at="2024-09-07T15:52:44Z" duration-ms="1139" status="PASS">
          <reporter-output>
          </reporter-output>
        </test-method> <!-- tearDown -->
      </class> <!-- com.qa.ajkerpatrika.tests.CountryPageTest -->
    </test> <!-- Ajker Patrika Country Page Test -->
  </suite> <!-- Ajker Patrika Test Suite -->
</testng-results>
